<?xml version="1.0" encoding="UTF-8"?>
<!-- Generated by org.testng.reporters.JUnitReportReporter -->
<testsuite skipped="0" hostname="DESKTOP-884SLF0" name="com.acti.Testcase.TestCreateCustomer" tests="1" failures="0" timestamp="03 May 2020 22:03:49 GMT" time="5.118" errors="0">
  <testcase name="testCreateCustomer" time="5.118" classname="com.acti.Testcase.TestCreateCustomer"/>
</testsuite> <!-- com.acti.Testcase.TestCreateCustomer -->
