<?xml version="1.0" encoding="UTF-8"?>
<!-- Generated by org.testng.reporters.JUnitReportReporter -->
<testsuite skipped="0" hostname="DESKTOP-884SLF0" name="com.acti.Testcase.CreateCustomer" tests="1" failures="0" timestamp="01 May 2020 00:58:24 GMT" time="0.068" errors="0">
  <testcase name="testcreatecustomer" time="0.068" classname="com.acti.Testcase.CreateCustomer"/>
</testsuite> <!-- com.acti.Testcase.CreateCustomer -->
