<?xml version="1.0" encoding="UTF-8"?>
<!-- Generated by org.testng.reporters.JUnitReportReporter -->
<testsuite skipped="0" hostname="DESKTOP-884SLF0" name="com.acti.Testcase.LoginPageTest" tests="1" failures="0" timestamp="29 Apr 2020 01:22:17 GMT" time="13.763" errors="0">
  <testcase name="testvalidateLoginFunction1" time="13.763" classname="com.acti.Testcase.LoginPageTest"/>
</testsuite> <!-- com.acti.Testcase.LoginPageTest -->
