<?xml version="1.0" encoding="UTF-8"?>
<!-- Generated by org.testng.reporters.JUnitReportReporter -->
<testsuite skipped="0" hostname="DESKTOP-884SLF0" name="com.acti.Base.DriverScript" tests="1" failures="0" timestamp="28 Apr 2020 20:21:29 GMT" time="9.842" errors="0">
  <testcase name="initApp" time="9.842" classname="com.acti.Base.DriverScript"/>
</testsuite> <!-- com.acti.Base.DriverScript -->
